Using pre-set license
Built from '2020.3/staging' branch; Version is '2020.3.5f1 (8095aa901b9b) revision 8426922'; Using compiler version '192528614'; Build Type 'Release'
OS: 'Windows 10 Pro; OS build 19042.928; Version 2009; 64bit' Language: 'en' Physical Memory: 16345 MB
BatchMode: 1, IsHumanControllingUs: 0, StartBugReporterOnCrash: 0, Is64bit: 1, IsPro: 0

 COMMAND LINE ARGUMENTS:
D:\Unity\Unity Hub\editor\2020.3.5f1\Editor\Unity.exe
-adb2
-batchMode
-noUpm
-name
AssetImportWorker0
-projectPath
D:/Unity/Unity Hub/editor/2dtest/2d test
-logFile
Logs/AssetImportWorker0.log
-srvPort
57452
Successfully changed project path to: D:/Unity/Unity Hub/editor/2dtest/2d test
D:/Unity/Unity Hub/editor/2dtest/2d test
Using Asset Import Pipeline V2.
Refreshing native plugins compatible for Editor in 33.75 ms, found 1 plugins.
Preloading 0 native plugins for Editor in 0.00 ms.
Initialize engine version: 2020.3.5f1 (8095aa901b9b)
[Subsystems] Discovering subsystems at path D:/Unity/Unity Hub/editor/2020.3.5f1/Editor/Data/Resources/UnitySubsystems
[Subsystems] Discovering subsystems at path D:/Unity/Unity Hub/editor/2dtest/2d test/Assets
GfxDevice: creating device client; threaded=0
Direct3D:
    Version:  Direct3D 11.0 [level 11.1]
    Renderer: NVIDIA GeForce GTX 1080 Ti (ID=0x1b06)
    Vendor:   
    VRAM:     11127 MB
    Driver:   27.21.14.5671
Initialize mono
Mono path[0] = 'D:/Unity/Unity Hub/editor/2020.3.5f1/Editor/Data/Managed'
Mono path[1] = 'D:/Unity/Unity Hub/editor/2020.3.5f1/Editor/Data/MonoBleedingEdge/lib/mono/unityjit'
Mono config path = 'D:/Unity/Unity Hub/editor/2020.3.5f1/Editor/Data/MonoBleedingEdge/etc'
Using monoOptions --debugger-agent=transport=dt_socket,embedding=1,server=y,suspend=n,address=127.0.0.1:56060
Begin MonoManager ReloadAssembly
Registering precompiled unity dll's ...
Register platform support module: D:/Unity/Unity Hub/editor/2020.3.5f1/Editor/Data/PlaybackEngines/WebGLSupport/UnityEditor.WebGL.Extensions.dll
Register platform support module: D:/Unity/Unity Hub/editor/2020.3.5f1/Editor/Data/PlaybackEngines/WindowsStandaloneSupport/UnityEditor.WindowsStandalone.Extensions.dll
Registered in 0.001400 seconds.
Native extension for WindowsStandalone target not found
Native extension for WebGL target not found
Refreshing native plugins compatible for Editor in 34.91 ms, found 1 plugins.
Preloading 0 native plugins for Editor in 0.00 ms.
Mono: successfully reloaded assembly
- Completed reload, in  2.173 seconds
Platform modules already initialized, skipping
Registering precompiled user dll's ...
Registered in 0.000852 seconds.
Begin MonoManager ReloadAssembly
Native extension for WindowsStandalone target not found
Native extension for WebGL target not found
Refreshing native plugins compatible for Editor in 33.60 ms, found 1 plugins.
Preloading 0 native plugins for Editor in 0.00 ms.
Mono: successfully reloaded assembly
- Completed reload, in  0.868 seconds
Platform modules already initialized, skipping
========================================================================
Worker process is ready to serve import requests
Launched and connected shader compiler UnityShaderCompiler.exe after 0.04 seconds
Refreshing native plugins compatible for Editor in 0.29 ms, found 1 plugins.
Preloading 0 native plugins for Editor in 0.00 ms.
Unloading 1811 Unused Serialized files (Serialized files now loaded: 0)
System memory in use before: 85.2 MB.
System memory in use after: 85.1 MB.

Unloading 24 unused Assets to reduce memory usage. Loaded Objects now: 2254.
Total: 1.680200 ms (FindLiveObjects: 0.185400 ms CreateObjectMapping: 0.077300 ms MarkObjects: 1.314000 ms  DeleteObjects: 0.102700 ms)

========================================================================
Received Import Request.
  path: Assets/Scenes/Level1.unity
  artifactKey: Guid(00a77df66f6f04149884eb875f2c3dd0) Importer(815301076,1909f56bfc062723c751e8b465ee728b)
Start importing Assets/Scenes/Level1.unity using Guid(00a77df66f6f04149884eb875f2c3dd0) Importer(815301076,1909f56bfc062723c751e8b465ee728b)  -> (artifact id: '2cf5572f47d42f1d94670a425cdb78aa') in 0.014705 seconds
  Import took 0.017808 seconds .

========================================================================
Received Import Request.
  Time since last request: 2.024435 seconds.
  path: Assets/Scenes/SampleScene.unity
  artifactKey: Guid(2cda990e2423bbf4892e6590ba056729) Importer(815301076,1909f56bfc062723c751e8b465ee728b)
Start importing Assets/Scenes/SampleScene.unity using Guid(2cda990e2423bbf4892e6590ba056729) Importer(815301076,1909f56bfc062723c751e8b465ee728b)  -> (artifact id: 'acefc3d2b752a58d65e2c659bc5070ed') in 0.007695 seconds
  Import took 0.011250 seconds .

========================================================================
Received Import Request.
  Time since last request: 91.194479 seconds.
  path: Assets/Scenes/Level1.unity
  artifactKey: Guid(00a77df66f6f04149884eb875f2c3dd0) Importer(815301076,1909f56bfc062723c751e8b465ee728b)
Start importing Assets/Scenes/Level1.unity using Guid(00a77df66f6f04149884eb875f2c3dd0) Importer(815301076,1909f56bfc062723c751e8b465ee728b)  -> (artifact id: '729a66f115dc55fc415dfb7c27497ec9') in 0.005455 seconds
  Import took 0.008074 seconds .

========================================================================
Received Import Request.
  Time since last request: 0.000505 seconds.
  path: Assets/Scenes/Level1.unity
  artifactKey: Guid(00a77df66f6f04149884eb875f2c3dd0) Importer(815301076,1909f56bfc062723c751e8b465ee728b)
Start importing Assets/Scenes/Level1.unity using Guid(00a77df66f6f04149884eb875f2c3dd0) Importer(815301076,1909f56bfc062723c751e8b465ee728b)  -> (artifact id: '729a66f115dc55fc415dfb7c27497ec9') in 0.003093 seconds
  Import took 0.006053 seconds .

========================================================================
Received Prepare
Registering precompiled user dll's ...
Registered in 0.000864 seconds.
Begin MonoManager ReloadAssembly
Native extension for WindowsStandalone target not found
Native extension for WebGL target not found
Refreshing native plugins compatible for Editor in 0.28 ms, found 1 plugins.
Preloading 0 native plugins for Editor in 0.00 ms.
Mono: successfully reloaded assembly
- Completed reload, in  0.803 seconds
Platform modules already initialized, skipping
Refreshing native plugins compatible for Editor in 0.28 ms, found 1 plugins.
Preloading 0 native plugins for Editor in 0.00 ms.
Unloading 1806 Unused Serialized files (Serialized files now loaded: 0)
System memory in use before: 85.1 MB.
System memory in use after: 85.1 MB.

Unloading 12 unused Assets to reduce memory usage. Loaded Objects now: 2258.
Total: 1.799100 ms (FindLiveObjects: 0.191600 ms CreateObjectMapping: 0.071600 ms MarkObjects: 1.444300 ms  DeleteObjects: 0.090100 ms)

========================================================================
Received Import Request.
  Time since last request: 148.529731 seconds.
  path: Assets/Scenes/Level2.unity
  artifactKey: Guid(6c4ebc599ec9f604aa39c2034c77b230) Importer(815301076,1909f56bfc062723c751e8b465ee728b)
Start importing Assets/Scenes/Level2.unity using Guid(6c4ebc599ec9f604aa39c2034c77b230) Importer(815301076,1909f56bfc062723c751e8b465ee728b)  -> (artifact id: '4add504ea3b72f3dd073c3d9824b0079') in 0.014601 seconds
  Import took 0.018387 seconds .

========================================================================
Received Prepare
Registering precompiled user dll's ...
Registered in 0.000858 seconds.
Begin MonoManager ReloadAssembly
Native extension for WindowsStandalone target not found
Native extension for WebGL target not found
Refreshing native plugins compatible for Editor in 0.30 ms, found 1 plugins.
Preloading 0 native plugins for Editor in 0.00 ms.
Mono: successfully reloaded assembly
- Completed reload, in  0.795 seconds
Platform modules already initialized, skipping
Refreshing native plugins compatible for Editor in 0.28 ms, found 1 plugins.
Preloading 0 native plugins for Editor in 0.00 ms.
Unloading 1806 Unused Serialized files (Serialized files now loaded: 0)
System memory in use before: 85.2 MB.
System memory in use after: 85.2 MB.

Unloading 12 unused Assets to reduce memory usage. Loaded Objects now: 2262.
Total: 2.163900 ms (FindLiveObjects: 0.145700 ms CreateObjectMapping: 0.054400 ms MarkObjects: 1.874100 ms  DeleteObjects: 0.088600 ms)

========================================================================
Received Import Request.
  Time since last request: 64.779764 seconds.
  path: Assets/Scripts/LevelController.cs
  artifactKey: Guid(7490d5574926d81418cb22b57bc2b04a) Importer(815301076,1909f56bfc062723c751e8b465ee728b)
Start importing Assets/Scripts/LevelController.cs using Guid(7490d5574926d81418cb22b57bc2b04a) Importer(815301076,1909f56bfc062723c751e8b465ee728b)  -> (artifact id: '03bb0e2948a0e9c242ba2a9affff0991') in 0.060806 seconds
  Import took 0.066012 seconds .

========================================================================
Received Prepare
Registering precompiled user dll's ...
Registered in 0.000868 seconds.
Begin MonoManager ReloadAssembly
Native extension for WindowsStandalone target not found
Native extension for WebGL target not found
Refreshing native plugins compatible for Editor in 0.28 ms, found 1 plugins.
Preloading 0 native plugins for Editor in 0.00 ms.
Mono: successfully reloaded assembly
- Completed reload, in  0.937 seconds
Platform modules already initialized, skipping
Refreshing native plugins compatible for Editor in 0.28 ms, found 1 plugins.
Preloading 0 native plugins for Editor in 0.00 ms.
Unloading 1807 Unused Serialized files (Serialized files now loaded: 0)
System memory in use before: 85.2 MB.
System memory in use after: 85.2 MB.

Unloading 12 unused Assets to reduce memory usage. Loaded Objects now: 2267.
Total: 3.356700 ms (FindLiveObjects: 0.523600 ms CreateObjectMapping: 0.100700 ms MarkObjects: 2.639300 ms  DeleteObjects: 0.092000 ms)

========================================================================
Received Prepare
Registering precompiled user dll's ...
Registered in 0.000846 seconds.
Begin MonoManager ReloadAssembly
Native extension for WindowsStandalone target not found
Native extension for WebGL target not found
Refreshing native plugins compatible for Editor in 0.28 ms, found 1 plugins.
Preloading 0 native plugins for Editor in 0.00 ms.
Mono: successfully reloaded assembly
- Completed reload, in  0.788 seconds
Platform modules already initialized, skipping
Refreshing native plugins compatible for Editor in 0.28 ms, found 1 plugins.
Preloading 0 native plugins for Editor in 0.00 ms.
Unloading 1807 Unused Serialized files (Serialized files now loaded: 0)
System memory in use before: 85.3 MB.
System memory in use after: 85.3 MB.

Unloading 12 unused Assets to reduce memory usage. Loaded Objects now: 2271.
Total: 1.812400 ms (FindLiveObjects: 0.150600 ms CreateObjectMapping: 0.059200 ms MarkObjects: 1.504400 ms  DeleteObjects: 0.097200 ms)

========================================================================
Received Import Request.
  Time since last request: 458.644420 seconds.
  path: Assets/Scripts/LevelController.cs
  artifactKey: Guid(7490d5574926d81418cb22b57bc2b04a) Importer(815301076,1909f56bfc062723c751e8b465ee728b)
Start importing Assets/Scripts/LevelController.cs using Guid(7490d5574926d81418cb22b57bc2b04a) Importer(815301076,1909f56bfc062723c751e8b465ee728b)  -> (artifact id: 'c428e85b611fb89a8d5319971f3c0a7b') in 0.005455 seconds
  Import took 0.009011 seconds .

========================================================================
Received Import Request.
  Time since last request: 135.476006 seconds.
  path: Assets/Scenes/Level2.unity
  artifactKey: Guid(6c4ebc599ec9f604aa39c2034c77b230) Importer(815301076,1909f56bfc062723c751e8b465ee728b)
Start importing Assets/Scenes/Level2.unity using Guid(6c4ebc599ec9f604aa39c2034c77b230) Importer(815301076,1909f56bfc062723c751e8b465ee728b)  -> (artifact id: '10dd83ed74cd1d1cbdc96a1fa7349f3f') in 0.009219 seconds
  Import took 0.013027 seconds .

========================================================================
Received Prepare
Registering precompiled user dll's ...
Registered in 0.000877 seconds.
Begin MonoManager ReloadAssembly
Native extension for WindowsStandalone target not found
Native extension for WebGL target not found
Refreshing native plugins compatible for Editor in 0.28 ms, found 1 plugins.
Preloading 0 native plugins for Editor in 0.00 ms.
Mono: successfully reloaded assembly
- Completed reload, in  0.774 seconds
Platform modules already initialized, skipping
Refreshing native plugins compatible for Editor in 0.28 ms, found 1 plugins.
Preloading 0 native plugins for Editor in 0.00 ms.
Unloading 1807 Unused Serialized files (Serialized files now loaded: 0)
System memory in use before: 85.3 MB.
System memory in use after: 85.3 MB.

Unloading 12 unused Assets to reduce memory usage. Loaded Objects now: 2275.
Total: 1.814000 ms (FindLiveObjects: 0.150000 ms CreateObjectMapping: 0.058200 ms MarkObjects: 1.512000 ms  DeleteObjects: 0.092800 ms)

========================================================================
Received Prepare
Registering precompiled user dll's ...
Registered in 0.001213 seconds.
Begin MonoManager ReloadAssembly
Native extension for WindowsStandalone target not found
Native extension for WebGL target not found
Refreshing native plugins compatible for Editor in 0.29 ms, found 1 plugins.
Preloading 0 native plugins for Editor in 0.00 ms.
Mono: successfully reloaded assembly
- Completed reload, in  0.775 seconds
Platform modules already initialized, skipping
Refreshing native plugins compatible for Editor in 0.28 ms, found 1 plugins.
Preloading 0 native plugins for Editor in 0.00 ms.
Unloading 1807 Unused Serialized files (Serialized files now loaded: 0)
System memory in use before: 85.3 MB.
System memory in use after: 85.3 MB.

Unloading 12 unused Assets to reduce memory usage. Loaded Objects now: 2279.
Total: 1.609400 ms (FindLiveObjects: 0.148800 ms CreateObjectMapping: 0.058700 ms MarkObjects: 1.307700 ms  DeleteObjects: 0.092900 ms)

========================================================================
Received Prepare
Registering precompiled user dll's ...
Registered in 0.000853 seconds.
Begin MonoManager ReloadAssembly
Native extension for WindowsStandalone target not found
Native extension for WebGL target not found
Refreshing native plugins compatible for Editor in 0.30 ms, found 1 plugins.
Preloading 0 native plugins for Editor in 0.00 ms.
Mono: successfully reloaded assembly
- Completed reload, in  0.795 seconds
Platform modules already initialized, skipping
Refreshing native plugins compatible for Editor in 0.34 ms, found 1 plugins.
Preloading 0 native plugins for Editor in 0.00 ms.
Unloading 1807 Unused Serialized files (Serialized files now loaded: 0)
System memory in use before: 85.3 MB.
System memory in use after: 85.3 MB.

Unloading 12 unused Assets to reduce memory usage. Loaded Objects now: 2283.
Total: 1.582600 ms (FindLiveObjects: 0.148600 ms CreateObjectMapping: 0.057100 ms MarkObjects: 1.284500 ms  DeleteObjects: 0.091700 ms)

========================================================================
Received Prepare
Registering precompiled user dll's ...
Registered in 0.038668 seconds.
Begin MonoManager ReloadAssembly
Native extension for WindowsStandalone target not found
Native extension for WebGL target not found
Refreshing native plugins compatible for Editor in 0.28 ms, found 1 plugins.
Preloading 0 native plugins for Editor in 0.00 ms.
Mono: successfully reloaded assembly
- Completed reload, in  0.755 seconds
Platform modules already initialized, skipping
Refreshing native plugins compatible for Editor in 0.28 ms, found 1 plugins.
Preloading 0 native plugins for Editor in 0.00 ms.
Unloading 1807 Unused Serialized files (Serialized files now loaded: 0)
System memory in use before: 85.3 MB.
System memory in use after: 85.3 MB.

Unloading 12 unused Assets to reduce memory usage. Loaded Objects now: 2287.
Total: 1.919200 ms (FindLiveObjects: 0.210200 ms CreateObjectMapping: 0.071000 ms MarkObjects: 1.535500 ms  DeleteObjects: 0.101000 ms)

========================================================================
Received Prepare
Registering precompiled user dll's ...
Registered in 0.000831 seconds.
Begin MonoManager ReloadAssembly
Native extension for WindowsStandalone target not found
Native extension for WebGL target not found
Refreshing native plugins compatible for Editor in 0.29 ms, found 1 plugins.
Preloading 0 native plugins for Editor in 0.00 ms.
Mono: successfully reloaded assembly
- Completed reload, in  0.757 seconds
Platform modules already initialized, skipping
Refreshing native plugins compatible for Editor in 0.29 ms, found 1 plugins.
Preloading 0 native plugins for Editor in 0.00 ms.
Unloading 1807 Unused Serialized files (Serialized files now loaded: 0)
System memory in use before: 85.3 MB.
System memory in use after: 85.3 MB.

Unloading 12 unused Assets to reduce memory usage. Loaded Objects now: 2291.
Total: 1.923000 ms (FindLiveObjects: 0.182100 ms CreateObjectMapping: 0.072700 ms MarkObjects: 1.561800 ms  DeleteObjects: 0.105200 ms)

========================================================================
Received Prepare
Registering precompiled user dll's ...
Registered in 0.000839 seconds.
Begin MonoManager ReloadAssembly
Native extension for WindowsStandalone target not found
Native extension for WebGL target not found
Refreshing native plugins compatible for Editor in 0.28 ms, found 1 plugins.
Preloading 0 native plugins for Editor in 0.00 ms.
Mono: successfully reloaded assembly
- Completed reload, in  0.746 seconds
Platform modules already initialized, skipping
Refreshing native plugins compatible for Editor in 0.28 ms, found 1 plugins.
Preloading 0 native plugins for Editor in 0.00 ms.
Unloading 1807 Unused Serialized files (Serialized files now loaded: 0)
System memory in use before: 85.3 MB.
System memory in use after: 85.3 MB.

Unloading 12 unused Assets to reduce memory usage. Loaded Objects now: 2295.
Total: 1.779300 ms (FindLiveObjects: 0.164500 ms CreateObjectMapping: 0.070800 ms MarkObjects: 1.454100 ms  DeleteObjects: 0.089200 ms)

========================================================================
Received Prepare
Registering precompiled user dll's ...
Registered in 0.001270 seconds.
Begin MonoManager ReloadAssembly
Native extension for WindowsStandalone target not found
Native extension for WebGL target not found
Refreshing native plugins compatible for Editor in 0.35 ms, found 1 plugins.
Preloading 0 native plugins for Editor in 0.00 ms.
Invalid AssetDatabase path: /Editor/EditorResources/cm_logo_sm.png. Use path relative to the project folder.
UnityEngine.StackTraceUtility:ExtractStackTrace ()
UnityEditor.AssetDatabase:LoadAssetAtPath<UnityEngine.Texture2D> (string)
Cinemachine.Editor.CinemachineSettings:get_CinemachineLogoTexture () (at Library/PackageCache/com.unity.cinemachine@2.6.4/Editor/Windows/CinemachineSettings.cs:205)
Cinemachine.Editor.CinemachineSettings:.cctor () (at Library/PackageCache/com.unity.cinemachine@2.6.4/Editor/Windows/CinemachineSettings.cs:237)
Cinemachine.CinemachineColliderPrefs:.cctor () (at Library/PackageCache/com.unity.cinemachine@2.6.4/Editor/Windows/CinemachineColliderPrefs.cs:61)
System.Runtime.CompilerServices.RuntimeHelpers:RunClassConstructor (System.RuntimeTypeHandle)
UnityEditor.EditorAssemblies:ProcessInitializeOnLoadAttributes (System.Type[])

[Library/PackageCache/com.unity.cinemachine@2.6.4/Editor/Windows/CinemachineSettings.cs line 205]

Mono: successfully reloaded assembly
- Completed reload, in  0.910 seconds
Platform modules already initialized, skipping
Refreshing native plugins compatible for Editor in 0.29 ms, found 1 plugins.
Preloading 0 native plugins for Editor in 0.00 ms.
Unloading 1953 Unused Serialized files (Serialized files now loaded: 0)
System memory in use before: 90.4 MB.
System memory in use after: 90.3 MB.

Unloading 13 unused Assets to reduce memory usage. Loaded Objects now: 2444.
Total: 2.386900 ms (FindLiveObjects: 0.410200 ms CreateObjectMapping: 0.247600 ms MarkObjects: 1.618200 ms  DeleteObjects: 0.109100 ms)

========================================================================
Received Prepare
Registering precompiled user dll's ...
Registered in 0.001038 seconds.
Begin MonoManager ReloadAssembly
Native extension for WindowsStandalone target not found
Native extension for WebGL target not found
Refreshing native plugins compatible for Editor in 0.29 ms, found 1 plugins.
Preloading 0 native plugins for Editor in 0.00 ms.
Mono: successfully reloaded assembly
- Completed reload, in  0.784 seconds
Platform modules already initialized, skipping
Refreshing native plugins compatible for Editor in 0.30 ms, found 1 plugins.
Preloading 0 native plugins for Editor in 0.00 ms.
Unloading 1954 Unused Serialized files (Serialized files now loaded: 0)
System memory in use before: 90.5 MB.
System memory in use after: 90.5 MB.

Unloading 14 unused Assets to reduce memory usage. Loaded Objects now: 2449.
Total: 1.876100 ms (FindLiveObjects: 0.229800 ms CreateObjectMapping: 0.168000 ms MarkObjects: 1.369600 ms  DeleteObjects: 0.097800 ms)

========================================================================
Received Prepare
Registering precompiled user dll's ...
Registered in 0.001587 seconds.
Begin MonoManager ReloadAssembly
Native extension for WindowsStandalone target not found
Native extension for WebGL target not found
Refreshing native plugins compatible for Editor in 0.30 ms, found 1 plugins.
Preloading 0 native plugins for Editor in 0.00 ms.
Mono: successfully reloaded assembly
- Completed reload, in  0.804 seconds
Platform modules already initialized, skipping
Refreshing native plugins compatible for Editor in 0.30 ms, found 1 plugins.
Preloading 0 native plugins for Editor in 0.00 ms.
Unloading 1953 Unused Serialized files (Serialized files now loaded: 0)
System memory in use before: 90.5 MB.
System memory in use after: 90.4 MB.

Unloading 14 unused Assets to reduce memory usage. Loaded Objects now: 2453.
Total: 2.018600 ms (FindLiveObjects: 0.310400 ms CreateObjectMapping: 0.090000 ms MarkObjects: 1.518700 ms  DeleteObjects: 0.098400 ms)

========================================================================
Received Import Request.
  Time since last request: 47325.089862 seconds.
  path: Assets/Prefabs
  artifactKey: Guid(e564f36c932f9a945bcd6d0696876b66) Importer(815301076,1909f56bfc062723c751e8b465ee728b)
Start importing Assets/Prefabs using Guid(e564f36c932f9a945bcd6d0696876b66) Importer(815301076,1909f56bfc062723c751e8b465ee728b)  -> (artifact id: '64b16cfb0b2f86ceed0fe799cdb4912a') in 0.026133 seconds
  Import took 0.035659 seconds .

========================================================================
Received Import Request.
  Time since last request: 8.566066 seconds.
  path: Assets/Prefabs/Red Bird.prefab
  artifactKey: Guid(bb10a4afeadb3c54e8091efe963b7c87) Importer(815301076,1909f56bfc062723c751e8b465ee728b)
Start importing Assets/Prefabs/Red Bird.prefab using Guid(bb10a4afeadb3c54e8091efe963b7c87) Importer(815301076,1909f56bfc062723c751e8b465ee728b)  -> (artifact id: '227ab8af2343ce3e42c097e1a652924a') in 0.129691 seconds
  Import took 0.133003 seconds .

========================================================================
Received Import Request.
  Time since last request: 123.388110 seconds.
  path: Assets/Prefabs/Red Bird.prefab
  artifactKey: Guid(bb10a4afeadb3c54e8091efe963b7c87) Importer(815301076,1909f56bfc062723c751e8b465ee728b)
Start importing Assets/Prefabs/Red Bird.prefab using Guid(bb10a4afeadb3c54e8091efe963b7c87) Importer(815301076,1909f56bfc062723c751e8b465ee728b)  -> (artifact id: 'e7b54c6dc1f437d243690a93a5c44bdd') in 0.015318 seconds
  Import took 0.018237 seconds .

========================================================================
Received Import Request.
  Time since last request: 60.840610 seconds.
  path: Assets/Prefabs/Red Bird.prefab
  artifactKey: Guid(bb10a4afeadb3c54e8091efe963b7c87) Importer(815301076,1909f56bfc062723c751e8b465ee728b)
Start importing Assets/Prefabs/Red Bird.prefab using Guid(bb10a4afeadb3c54e8091efe963b7c87) Importer(815301076,1909f56bfc062723c751e8b465ee728b)  -> (artifact id: '4c6df9bc1ff062d7e7d528be3a72f5bf') in 0.017693 seconds
  Import took 0.022214 seconds .

========================================================================
Received Import Request.
  Time since last request: 380.330556 seconds.
  path: Assets/Scenes/Level1.unity
  artifactKey: Guid(00a77df66f6f04149884eb875f2c3dd0) Importer(815301076,1909f56bfc062723c751e8b465ee728b)
Start importing Assets/Scenes/Level1.unity using Guid(00a77df66f6f04149884eb875f2c3dd0) Importer(815301076,1909f56bfc062723c751e8b465ee728b)  -> (artifact id: 'd0a2f5eb459dd18d00b71f28d491cda9') in 0.009491 seconds
  Import took 0.013678 seconds .

========================================================================
Received Import Request.
  Time since last request: 202.227068 seconds.
  path: Assets/Prefabs/LevelController.prefab
  artifactKey: Guid(32bc666ccb5038b40af5d8ffca6e92d0) Importer(815301076,1909f56bfc062723c751e8b465ee728b)
Start importing Assets/Prefabs/LevelController.prefab using Guid(32bc666ccb5038b40af5d8ffca6e92d0) Importer(815301076,1909f56bfc062723c751e8b465ee728b)  -> (artifact id: 'c03ffc88baedd172681818521c26f789') in 0.011953 seconds
  Import took 0.015328 seconds .

========================================================================
Received Import Request.
  Time since last request: 63.220601 seconds.
  path: Assets/Prefabs/CameraSetup.prefab
  artifactKey: Guid(5078541d8ff2ae64e95100723a766c21) Importer(815301076,1909f56bfc062723c751e8b465ee728b)
Start importing Assets/Prefabs/CameraSetup.prefab using Guid(5078541d8ff2ae64e95100723a766c21) Importer(815301076,1909f56bfc062723c751e8b465ee728b)  -> (artifact id: '72bd11abfa08aee77c968f6998b7517c') in 0.023468 seconds
  Import took 0.027118 seconds .

========================================================================
Received Import Request.
  Time since last request: 12.564424 seconds.
  path: Assets/Scenes/Level2.unity
  artifactKey: Guid(6c4ebc599ec9f604aa39c2034c77b230) Importer(815301076,1909f56bfc062723c751e8b465ee728b)
Start importing Assets/Scenes/Level2.unity using Guid(6c4ebc599ec9f604aa39c2034c77b230) Importer(815301076,1909f56bfc062723c751e8b465ee728b)  -> (artifact id: '59b4a9da477d5a97d92e5131583425ac') in 0.008787 seconds
  Import took 0.012048 seconds .

========================================================================
Received Prepare
Registering precompiled user dll's ...
Registered in 0.000871 seconds.
Begin MonoManager ReloadAssembly
Native extension for WindowsStandalone target not found
Native extension for WebGL target not found
Refreshing native plugins compatible for Editor in 0.30 ms, found 1 plugins.
Preloading 0 native plugins for Editor in 0.00 ms.
Mono: successfully reloaded assembly
- Completed reload, in  0.799 seconds
Platform modules already initialized, skipping
Refreshing native plugins compatible for Editor in 0.31 ms, found 1 plugins.
Preloading 0 native plugins for Editor in 0.00 ms.
Unloading 1953 Unused Serialized files (Serialized files now loaded: 0)
System memory in use before: 93.6 MB.
System memory in use after: 93.6 MB.

Unloading 14 unused Assets to reduce memory usage. Loaded Objects now: 2464.
Total: 2.042800 ms (FindLiveObjects: 0.169200 ms CreateObjectMapping: 0.330400 ms MarkObjects: 1.444800 ms  DeleteObjects: 0.097400 ms)

========================================================================
Received Prepare
Registering precompiled user dll's ...
Registered in 0.000927 seconds.
Begin MonoManager ReloadAssembly
Native extension for WindowsStandalone target not found
Native extension for WebGL target not found
Refreshing native plugins compatible for Editor in 0.30 ms, found 1 plugins.
Preloading 0 native plugins for Editor in 0.00 ms.
Mono: successfully reloaded assembly
- Completed reload, in  0.899 seconds
Platform modules already initialized, skipping
Refreshing native plugins compatible for Editor in 0.30 ms, found 1 plugins.
Preloading 0 native plugins for Editor in 0.00 ms.
Unloading 1953 Unused Serialized files (Serialized files now loaded: 0)
System memory in use before: 93.6 MB.
System memory in use after: 93.6 MB.

Unloading 14 unused Assets to reduce memory usage. Loaded Objects now: 2468.
Total: 1.791100 ms (FindLiveObjects: 0.194100 ms CreateObjectMapping: 0.087100 ms MarkObjects: 1.409200 ms  DeleteObjects: 0.099100 ms)

AssetImportWorkerClient::OnTransportError - code=2 error=End of file
